<?xml version="1.0" encoding="UTF-8"?>
<testsuite name="TestLogic.TestEmployee" tests="1" skipped="0" failures="0" errors="0" timestamp="2020-10-21T17:34:49" hostname="LAPTOP-M2034987" time="0.029">
  <properties/>
  <testcase name="testConstructor()" classname="TestLogic.TestEmployee" time="0.029"/>
  <system-out><![CDATA[]]></system-out>
  <system-err><![CDATA[]]></system-err>
</testsuite>
